{
  "stats": {
    "suites": 1,
    "tests": 2,
    "passes": 2,
    "pending": 0,
    "failures": 0,
    "start": "2025-06-18T23:20:28.615Z",
    "end": "2025-06-18T23:20:37.972Z",
    "duration": 9357,
    "testsRegistered": 2,
    "passPercent": 100,
    "pendingPercent": 0,
    "other": 0,
    "hasOther": false,
    "skipped": 0,
    "hasSkipped": false
  },
  "results": [
    {
      "uuid": "7fa31ed5-467b-4997-b95a-97c8f76a220d",
      "title": "",
      "fullFile": "cypress\\e2e\\elements\\uploadDownload.cy.js",
      "file": "cypress\\e2e\\elements\\uploadDownload.cy.js",
      "beforeHooks": [],
      "afterHooks": [],
      "tests": [],
      "suites": [
        {
          "uuid": "28d76404-b446-47f0-be23-6d75c739e99e",
          "title": "DemoQA - Pruebas en seccion de Broken Links en DEMOQA",
          "fullFile": "",
          "file": "",
          "beforeHooks": [],
          "afterHooks": [],
          "tests": [
            {
              "title": "Debe verificar que al hacer clic en \"Download\" se descarga un archivo",
              "fullTitle": "DemoQA - Pruebas en seccion de Broken Links en DEMOQA Debe verificar que al hacer clic en \"Download\" se descarga un archivo",
              "timedOut": null,
              "duration": 5450,
              "state": "passed",
              "speed": "medium",
              "pass": true,
              "fail": false,
              "pending": false,
              "context": null,
              "code": "const downloadsFolder = Cypress.config('downloadsFolder');\nconst downloadedFilename = 'sampleFile.jpeg';\nconst fullPath = `${downloadsFolder}/${downloadedFilename}`;\n// Elimina el archivo si existe para una prueba limpia\ncy.task('deleteFile', fullPath);\ncy.get('#downloadButton').should('be.visible').click();\n// Verifica que el archivo descargado existe\ncy.readFile(fullPath, {\n  timeout: 15000\n}).should('exist');",
              "err": {},
              "uuid": "1dc763df-9657-4fbe-9840-41f5b334b293",
              "parentUUID": "28d76404-b446-47f0-be23-6d75c739e99e",
              "isHook": false,
              "skipped": false
            },
            {
              "title": "Debe permitir seleccionar un archivo para cargar y mostrar su nombre",
              "fullTitle": "DemoQA - Pruebas en seccion de Broken Links en DEMOQA Debe permitir seleccionar un archivo para cargar y mostrar su nombre",
              "timedOut": null,
              "duration": 3723,
              "state": "passed",
              "speed": "fast",
              "pass": true,
              "fail": false,
              "pending": false,
              "context": null,
              "code": "const testFileName = 'example.json';\nconst mimeType = 'application/json';\ncy.get('#uploadFile').should('exist').selectFile(`cypress/fixtures/${testFileName}`, {\n  mimeType: mimeType\n});\n// Si la página muestra el nombre del archivo en otro elemento, usa su selector aquí.\n// Por ejemplo: cy.get('#uploadedFileNameDisplay').should('contain.text', testFileName);",
              "err": {},
              "uuid": "71d79496-be77-4edc-8809-f21645d35351",
              "parentUUID": "28d76404-b446-47f0-be23-6d75c739e99e",
              "isHook": false,
              "skipped": false
            }
          ],
          "suites": [],
          "passes": [
            "1dc763df-9657-4fbe-9840-41f5b334b293",
            "71d79496-be77-4edc-8809-f21645d35351"
          ],
          "failures": [],
          "pending": [],
          "skipped": [],
          "duration": 9173,
          "root": false,
          "rootEmpty": false,
          "_timeout": 2000
        }
      ],
      "passes": [],
      "failures": [],
      "pending": [],
      "skipped": [],
      "duration": 0,
      "root": true,
      "rootEmpty": true,
      "_timeout": 2000
    }
  ],
  "meta": {
    "mocha": {
      "version": "7.0.1"
    },
    "mochawesome": {
      "options": {
        "quiet": false,
        "reportFilename": "mochawesome",
        "saveHtml": true,
        "saveJson": true,
        "consoleReporter": "spec",
        "useInlineDiffs": false,
        "code": true
      },
      "version": "7.1.3"
    },
    "marge": {
      "options": {
        "id": "default",
        "reportDir": "cypress/reports/mochawesome",
        "overwrite": true,
        "html": true,
        "json": true
      },
      "version": "6.2.0"
    }
  }
}