{
  "stats": {
    "suites": 1,
    "tests": 4,
    "passes": 4,
    "pending": 0,
    "failures": 0,
    "start": "2025-02-28T01:59:45.825Z",
    "end": "2025-02-28T02:00:31.534Z",
    "duration": 45709,
    "testsRegistered": 4,
    "passPercent": 100,
    "pendingPercent": 0,
    "other": 0,
    "hasOther": false,
    "skipped": 0,
    "hasSkipped": false
  },
  "results": [
    {
      "uuid": "9efb9f6d-0601-427d-99ca-a418eff42a52",
      "title": "",
      "fullFile": "cypress\\e2e\\elements\\checkbox.cy.js",
      "file": "cypress\\e2e\\elements\\checkbox.cy.js",
      "beforeHooks": [],
      "afterHooks": [],
      "tests": [],
      "suites": [
        {
          "uuid": "9a1830d9-a789-487e-95d4-cc6333af1f3b",
          "title": "DemoQA - Pruebas en Text Box",
          "fullFile": "",
          "file": "",
          "beforeHooks": [],
          "afterHooks": [],
          "tests": [
            {
              "title": "Debe permitir seleccionar y deseleccionar checkboxes individuales",
              "fullTitle": "DemoQA - Pruebas en Text Box Debe permitir seleccionar y deseleccionar checkboxes individuales",
              "timedOut": null,
              "duration": 16557,
              "state": "passed",
              "speed": "slow",
              "pass": true,
              "fail": false,
              "pending": false,
              "context": null,
              "code": "cy.get('.rct-collapse').click();\ncy.get('.rct-node-expanded > ol > :nth-child(1) > .rct-text > .rct-collapse').click();\ncy.get('#tree-node-notes').check({\n  force: true\n}).should('be.checked');\ncy.get('#tree-node-notes').uncheck({\n  force: true\n}).should('not.be.checked');",
              "err": {},
              "uuid": "9e6fe353-4e66-440e-bfff-3dcb66d25d89",
              "parentUUID": "9a1830d9-a789-487e-95d4-cc6333af1f3b",
              "isHook": false,
              "skipped": false
            },
            {
              "title": "Debe reflejar visualmente el estado de los checkboxes",
              "fullTitle": "DemoQA - Pruebas en Text Box Debe reflejar visualmente el estado de los checkboxes",
              "timedOut": null,
              "duration": 11741,
              "state": "passed",
              "speed": "slow",
              "pass": true,
              "fail": false,
              "pending": false,
              "context": null,
              "code": "cy.get('.rct-collapse').click();\ncy.get('.rct-node-expanded > ol > :nth-child(1) > .rct-text > .rct-collapse').click();\ncy.get('#tree-node-notes').check({\n  force: true\n}).should('be.checked');\ncy.get('label[for=\"tree-node-notes\"] .rct-checkbox svg').should('have.class', 'rct-icon-check');\ncy.get('#tree-node-notes').uncheck({\n  force: true\n}).should('not.be.checked');\ncy.get('label[for=\"tree-node-notes\"] .rct-checkbox svg').should('have.class', 'rct-icon-uncheck');",
              "err": {},
              "uuid": "fcb8b4cd-bb52-4103-b841-d0316beea31c",
              "parentUUID": "9a1830d9-a789-487e-95d4-cc6333af1f3b",
              "isHook": false,
              "skipped": false
            },
            {
              "title": "Debe marcar todos los checkboxes descendientes al seleccionar el nodo padre \"Home\"",
              "fullTitle": "DemoQA - Pruebas en Text Box Debe marcar todos los checkboxes descendientes al seleccionar el nodo padre \"Home\"",
              "timedOut": null,
              "duration": 9141,
              "state": "passed",
              "speed": "medium",
              "pass": true,
              "fail": false,
              "pending": false,
              "context": null,
              "code": "// Asegúrate de que todos los nodos estén expandidos\ncy.get('.rct-collapse-btn').click({\n  multiple: true\n});\n// Marca el checkbox padre \"Home\"\ncy.get('#tree-node-home').check({\n  force: true\n});\n// Selecciona todos los checkboxes descendientes de \"Home\" y verifica que estén marcados\ncy.get('#tree-node-home').parent().find('input[type=\"checkbox\"]').each($el => {\n  cy.wrap($el).should('be.checked');\n});",
              "err": {},
              "uuid": "037fa589-5e9d-4c85-a407-a8d13d66b41d",
              "parentUUID": "9a1830d9-a789-487e-95d4-cc6333af1f3b",
              "isHook": false,
              "skipped": false
            },
            {
              "title": "Debe validar los estados iniciales de los checkboxes",
              "fullTitle": "DemoQA - Pruebas en Text Box Debe validar los estados iniciales de los checkboxes",
              "timedOut": null,
              "duration": 7936,
              "state": "passed",
              "speed": "medium",
              "pass": true,
              "fail": false,
              "pending": false,
              "context": null,
              "code": "cy.get('input[type=\"checkbox\"]').each($el => {\n  cy.wrap($el).should('not.be.checked'); // Verifica que estén desmarcados al inicio\n});",
              "err": {},
              "uuid": "e89a6bae-3b1a-4d1f-86b6-a7ec6e5d95e6",
              "parentUUID": "9a1830d9-a789-487e-95d4-cc6333af1f3b",
              "isHook": false,
              "skipped": false
            }
          ],
          "suites": [],
          "passes": [
            "9e6fe353-4e66-440e-bfff-3dcb66d25d89",
            "fcb8b4cd-bb52-4103-b841-d0316beea31c",
            "037fa589-5e9d-4c85-a407-a8d13d66b41d",
            "e89a6bae-3b1a-4d1f-86b6-a7ec6e5d95e6"
          ],
          "failures": [],
          "pending": [],
          "skipped": [],
          "duration": 45375,
          "root": false,
          "rootEmpty": false,
          "_timeout": 2000
        }
      ],
      "passes": [],
      "failures": [],
      "pending": [],
      "skipped": [],
      "duration": 0,
      "root": true,
      "rootEmpty": true,
      "_timeout": 2000
    }
  ],
  "meta": {
    "mocha": {
      "version": "7.0.1"
    },
    "mochawesome": {
      "options": {
        "quiet": false,
        "reportFilename": "mochawesome",
        "saveHtml": true,
        "saveJson": true,
        "consoleReporter": "spec",
        "useInlineDiffs": false,
        "code": true
      },
      "version": "7.1.3"
    },
    "marge": {
      "options": {
        "reportDir": "cypress/reports",
        "overwrite": false,
        "html": true,
        "json": true
      },
      "version": "6.2.0"
    }
  }
}