{
  "stats": {
    "suites": 1,
    "tests": 4,
    "passes": 4,
    "pending": 0,
    "failures": 0,
    "start": "2025-01-23T20:17:02.354Z",
    "end": "2025-01-23T20:17:57.452Z",
    "duration": 55098,
    "testsRegistered": 4,
    "passPercent": 100,
    "pendingPercent": 0,
    "other": 0,
    "hasOther": false,
    "skipped": 0,
    "hasSkipped": false
  },
  "results": [
    {
      "uuid": "c3f91c26-893d-4868-b50b-886c33a525b8",
      "title": "",
      "fullFile": "cypress\\e2e\\elements\\checkbox.cy.js",
      "file": "cypress\\e2e\\elements\\checkbox.cy.js",
      "beforeHooks": [],
      "afterHooks": [],
      "tests": [],
      "suites": [
        {
          "uuid": "57fb24b8-2350-4830-87e6-48bff1d375a7",
          "title": "DemoQA - Pruebas en Text Box",
          "fullFile": "",
          "file": "",
          "beforeHooks": [],
          "afterHooks": [],
          "tests": [
            {
              "title": "Debe permitir seleccionar y deseleccionar checkboxes individuales",
              "fullTitle": "DemoQA - Pruebas en Text Box Debe permitir seleccionar y deseleccionar checkboxes individuales",
              "timedOut": null,
              "duration": 18380,
              "state": "passed",
              "speed": "slow",
              "pass": true,
              "fail": false,
              "pending": false,
              "context": null,
              "code": "cy.get('.rct-collapse').click();\ncy.get('.rct-node-expanded > ol > :nth-child(1) > .rct-text > .rct-collapse').click();\ncy.get('#tree-node-notes').check({\n  force: true\n}).should('be.checked');\ncy.get('#tree-node-notes').uncheck({\n  force: true\n}).should('not.be.checked');",
              "err": {},
              "uuid": "341ea910-a531-4d87-b052-3afdee2aabeb",
              "parentUUID": "57fb24b8-2350-4830-87e6-48bff1d375a7",
              "isHook": false,
              "skipped": false
            },
            {
              "title": "Debe reflejar visualmente el estado de los checkboxes",
              "fullTitle": "DemoQA - Pruebas en Text Box Debe reflejar visualmente el estado de los checkboxes",
              "timedOut": null,
              "duration": 27671,
              "state": "passed",
              "speed": "slow",
              "pass": true,
              "fail": false,
              "pending": false,
              "context": null,
              "code": "cy.get('.rct-collapse').click();\ncy.get('.rct-node-expanded > ol > :nth-child(1) > .rct-text > .rct-collapse').click();\ncy.get('#tree-node-notes').check({\n  force: true\n}).should('be.checked');\ncy.get('label[for=\"tree-node-notes\"] .rct-checkbox svg').should('have.class', 'rct-icon-check');\ncy.get('#tree-node-notes').uncheck({\n  force: true\n}).should('not.be.checked');\ncy.get('label[for=\"tree-node-notes\"] .rct-checkbox svg').should('have.class', 'rct-icon-uncheck');",
              "err": {},
              "uuid": "f68f85d2-acd3-4684-acf7-1608f6a92003",
              "parentUUID": "57fb24b8-2350-4830-87e6-48bff1d375a7",
              "isHook": false,
              "skipped": false
            },
            {
              "title": "Debe marcar todos los checkboxes descendientes al seleccionar el nodo padre \"Home\"",
              "fullTitle": "DemoQA - Pruebas en Text Box Debe marcar todos los checkboxes descendientes al seleccionar el nodo padre \"Home\"",
              "timedOut": null,
              "duration": 6410,
              "state": "passed",
              "speed": "medium",
              "pass": true,
              "fail": false,
              "pending": false,
              "context": null,
              "code": "// Asegúrate de que todos los nodos estén expandidos\ncy.get('.rct-collapse-btn').click({\n  multiple: true\n});\n// Marca el checkbox padre \"Home\"\ncy.get('#tree-node-home').check({\n  force: true\n});\n// Selecciona todos los checkboxes descendientes de \"Home\" y verifica que estén marcados\ncy.get('#tree-node-home').parent().find('input[type=\"checkbox\"]').each($el => {\n  cy.wrap($el).should('be.checked');\n});",
              "err": {},
              "uuid": "822dfe44-68bc-4d4e-9f4b-8d6b5602ec44",
              "parentUUID": "57fb24b8-2350-4830-87e6-48bff1d375a7",
              "isHook": false,
              "skipped": false
            },
            {
              "title": "Debe validar los estados iniciales de los checkboxes",
              "fullTitle": "DemoQA - Pruebas en Text Box Debe validar los estados iniciales de los checkboxes",
              "timedOut": null,
              "duration": 2434,
              "state": "passed",
              "speed": "fast",
              "pass": true,
              "fail": false,
              "pending": false,
              "context": null,
              "code": "cy.get('input[type=\"checkbox\"]').each($el => {\n  cy.wrap($el).should('not.be.checked'); // Verifica que estén desmarcados al inicio\n});",
              "err": {},
              "uuid": "47d2329c-50d9-4f19-9a2d-1ae6c34c5c9f",
              "parentUUID": "57fb24b8-2350-4830-87e6-48bff1d375a7",
              "isHook": false,
              "skipped": false
            }
          ],
          "suites": [],
          "passes": [
            "341ea910-a531-4d87-b052-3afdee2aabeb",
            "f68f85d2-acd3-4684-acf7-1608f6a92003",
            "822dfe44-68bc-4d4e-9f4b-8d6b5602ec44",
            "47d2329c-50d9-4f19-9a2d-1ae6c34c5c9f"
          ],
          "failures": [],
          "pending": [],
          "skipped": [],
          "duration": 54895,
          "root": false,
          "rootEmpty": false,
          "_timeout": 2000
        }
      ],
      "passes": [],
      "failures": [],
      "pending": [],
      "skipped": [],
      "duration": 0,
      "root": true,
      "rootEmpty": true,
      "_timeout": 2000
    }
  ],
  "meta": {
    "mocha": {
      "version": "7.0.1"
    },
    "mochawesome": {
      "options": {
        "quiet": false,
        "reportFilename": "mochawesome",
        "saveHtml": true,
        "saveJson": true,
        "consoleReporter": "spec",
        "useInlineDiffs": false,
        "code": true
      },
      "version": "7.1.3"
    },
    "marge": {
      "options": {
        "reportDir": "cypress/reports",
        "overwrite": false,
        "html": true,
        "json": true
      },
      "version": "6.2.0"
    }
  }
}