{
  "stats": {
    "suites": 1,
    "tests": 2,
    "passes": 2,
    "pending": 0,
    "failures": 0,
    "start": "2025-01-23T20:18:00.020Z",
    "end": "2025-01-23T20:18:20.453Z",
    "duration": 20433,
    "testsRegistered": 2,
    "passPercent": 100,
    "pendingPercent": 0,
    "other": 0,
    "hasOther": false,
    "skipped": 0,
    "hasSkipped": false
  },
  "results": [
    {
      "uuid": "f016c18d-8630-4cc9-a4a4-302e39784988",
      "title": "",
      "fullFile": "cypress\\e2e\\elements\\textBox.cy.js",
      "file": "cypress\\e2e\\elements\\textBox.cy.js",
      "beforeHooks": [],
      "afterHooks": [],
      "tests": [],
      "suites": [
        {
          "uuid": "43fae181-742c-4c6c-b5a9-9b62f8c3a916",
          "title": "DemoQA - Pruebas en Text Box",
          "fullFile": "",
          "file": "",
          "beforeHooks": [],
          "afterHooks": [],
          "tests": [
            {
              "title": "Debería completar el formulario con datos válidos",
              "fullTitle": "DemoQA - Pruebas en Text Box Debería completar el formulario con datos válidos",
              "timedOut": null,
              "duration": 10275,
              "state": "passed",
              "speed": "slow",
              "pass": true,
              "fail": false,
              "pending": false,
              "context": null,
              "code": "// Completar los campos\ncy.get('#userName').type('John Doe');\ncy.get('#userEmail').type('john.doe@example.com');\ncy.get('#currentAddress').type('123 Main Street');\ncy.get('#permanentAddress').type('456 Secondary Street');\n// Hacer clic en \"Submit\"\ncy.get('#submit').click();\n// Verificar que los datos se muestren correctamente en la salida\ncy.get('#output').should('be.visible');\ncy.get('#name').should('contain', 'John Doe');\ncy.get('#email').should('contain', 'john.doe@example.com');",
              "err": {},
              "uuid": "d5fe612c-e7c4-421e-a4a2-7615b7524cc8",
              "parentUUID": "43fae181-742c-4c6c-b5a9-9b62f8c3a916",
              "isHook": false,
              "skipped": false
            },
            {
              "title": "Debería mostrar errores si los campos están vacíos",
              "fullTitle": "DemoQA - Pruebas en Text Box Debería mostrar errores si los campos están vacíos",
              "timedOut": null,
              "duration": 10052,
              "state": "passed",
              "speed": "slow",
              "pass": true,
              "fail": false,
              "pending": false,
              "context": null,
              "code": "cy.get('#submit').click();\ncy.get('#output').should('have.text', ''); // No debería generarse ninguna salida",
              "err": {},
              "uuid": "8b1b3d06-0bdc-4602-925b-f59b2c6552ae",
              "parentUUID": "43fae181-742c-4c6c-b5a9-9b62f8c3a916",
              "isHook": false,
              "skipped": false
            }
          ],
          "suites": [],
          "passes": [
            "d5fe612c-e7c4-421e-a4a2-7615b7524cc8",
            "8b1b3d06-0bdc-4602-925b-f59b2c6552ae"
          ],
          "failures": [],
          "pending": [],
          "skipped": [],
          "duration": 20327,
          "root": false,
          "rootEmpty": false,
          "_timeout": 2000
        }
      ],
      "passes": [],
      "failures": [],
      "pending": [],
      "skipped": [],
      "duration": 0,
      "root": true,
      "rootEmpty": true,
      "_timeout": 2000
    }
  ],
  "meta": {
    "mocha": {
      "version": "7.0.1"
    },
    "mochawesome": {
      "options": {
        "quiet": false,
        "reportFilename": "mochawesome",
        "saveHtml": true,
        "saveJson": true,
        "consoleReporter": "spec",
        "useInlineDiffs": false,
        "code": true
      },
      "version": "7.1.3"
    },
    "marge": {
      "options": {
        "reportDir": "cypress/reports",
        "overwrite": false,
        "html": true,
        "json": true
      },
      "version": "6.2.0"
    }
  }
}