{
  "stats": {
    "suites": 1,
    "tests": 2,
    "passes": 2,
    "pending": 0,
    "failures": 0,
    "start": "2025-02-28T02:00:33.794Z",
    "end": "2025-02-28T02:00:57.138Z",
    "duration": 23344,
    "testsRegistered": 2,
    "passPercent": 100,
    "pendingPercent": 0,
    "other": 0,
    "hasOther": false,
    "skipped": 0,
    "hasSkipped": false
  },
  "results": [
    {
      "uuid": "07793b77-caa5-4d00-8ea4-5c48cb434b29",
      "title": "",
      "fullFile": "cypress\\e2e\\elements\\textBox.cy.js",
      "file": "cypress\\e2e\\elements\\textBox.cy.js",
      "beforeHooks": [],
      "afterHooks": [],
      "tests": [],
      "suites": [
        {
          "uuid": "16c20589-22d3-40da-a5d3-52c4025259cd",
          "title": "DemoQA - Pruebas en Text Box",
          "fullFile": "",
          "file": "",
          "beforeHooks": [],
          "afterHooks": [],
          "tests": [
            {
              "title": "Debería completar el formulario con datos válidos",
              "fullTitle": "DemoQA - Pruebas en Text Box Debería completar el formulario con datos válidos",
              "timedOut": null,
              "duration": 11262,
              "state": "passed",
              "speed": "slow",
              "pass": true,
              "fail": false,
              "pending": false,
              "context": null,
              "code": "// Completar los campos\ncy.get('#userName').type('John Doe');\ncy.get('#userEmail').type('john.doe@example.com');\ncy.get('#currentAddress').type('123 Main Street');\ncy.get('#permanentAddress').type('456 Secondary Street');\n// Hacer clic en \"Submit\"\ncy.get('#submit').click();\n// Verificar que los datos se muestren correctamente en la salida\ncy.get('#output').should('be.visible');\ncy.get('#name').should('contain', 'John Doe');\ncy.get('#email').should('contain', 'john.doe@example.com');",
              "err": {},
              "uuid": "43651f1a-a7b5-4288-af4a-51ca6c82d455",
              "parentUUID": "16c20589-22d3-40da-a5d3-52c4025259cd",
              "isHook": false,
              "skipped": false
            },
            {
              "title": "Debería mostrar errores si los campos están vacíos",
              "fullTitle": "DemoQA - Pruebas en Text Box Debería mostrar errores si los campos están vacíos",
              "timedOut": null,
              "duration": 11924,
              "state": "passed",
              "speed": "slow",
              "pass": true,
              "fail": false,
              "pending": false,
              "context": null,
              "code": "cy.get('#submit').click();\ncy.get('#output').should('have.text', ''); // No debería generarse ninguna salida",
              "err": {},
              "uuid": "c4d0e86a-bf8e-4596-a3c1-0b35cb0c9536",
              "parentUUID": "16c20589-22d3-40da-a5d3-52c4025259cd",
              "isHook": false,
              "skipped": false
            }
          ],
          "suites": [],
          "passes": [
            "43651f1a-a7b5-4288-af4a-51ca6c82d455",
            "c4d0e86a-bf8e-4596-a3c1-0b35cb0c9536"
          ],
          "failures": [],
          "pending": [],
          "skipped": [],
          "duration": 23186,
          "root": false,
          "rootEmpty": false,
          "_timeout": 2000
        }
      ],
      "passes": [],
      "failures": [],
      "pending": [],
      "skipped": [],
      "duration": 0,
      "root": true,
      "rootEmpty": true,
      "_timeout": 2000
    }
  ],
  "meta": {
    "mocha": {
      "version": "7.0.1"
    },
    "mochawesome": {
      "options": {
        "quiet": false,
        "reportFilename": "mochawesome",
        "saveHtml": true,
        "saveJson": true,
        "consoleReporter": "spec",
        "useInlineDiffs": false,
        "code": true
      },
      "version": "7.1.3"
    },
    "marge": {
      "options": {
        "reportDir": "cypress/reports",
        "overwrite": false,
        "html": true,
        "json": true
      },
      "version": "6.2.0"
    }
  }
}